<?xml version="1.0" encoding="UTF-8"?>
<testsuite name="com.example.demo.DemoApplicationTests" tests="1" skipped="0" failures="0" errors="0" timestamp="2022-02-12T19:02:35" hostname="Brigittes-Air.lan" time="0.18">
  <properties/>
  <testcase name="contextLoads()" classname="com.example.demo.DemoApplicationTests" time="0.18"/>
  <system-out><![CDATA[13:02:29.919 [Test worker] DEBUG org.springframework.test.context.BootstrapUtils - Instantiating CacheAwareContextLoaderDelegate from class [org.springframework.test.context.cache.DefaultCacheAwareContextLoaderDelegate]
13:02:29.923 [Test worker] DEBUG org.springframework.test.context.BootstrapUtils - Instantiating BootstrapContext using constructor [public org.springframework.test.context.support.DefaultBootstrapContext(java.lang.Class,org.springframework.test.context.CacheAwareContextLoaderDelegate)]
13:02:29.935 [Test worker] DEBUG org.springframework.test.context.BootstrapUtils - Instantiating TestContextBootstrapper for test class [com.example.demo.DemoApplicationTests] from class [org.springframework.boot.test.context.SpringBootTestContextBootstrapper]
13:02:29.939 [Test worker] INFO org.springframework.boot.test.context.SpringBootTestContextBootstrapper - Neither @ContextConfiguration nor @ContextHierarchy found for test class [com.example.demo.DemoApplicationTests], using SpringBootContextLoader
13:02:29.940 [Test worker] DEBUG org.springframework.test.context.support.AbstractContextLoader - Did not detect default resource location for test class [com.example.demo.DemoApplicationTests]: class path resource [com/example/demo/DemoApplicationTests-context.xml] does not exist
13:02:29.940 [Test worker] DEBUG org.springframework.test.context.support.AbstractContextLoader - Did not detect default resource location for test class [com.example.demo.DemoApplicationTests]: class path resource [com/example/demo/DemoApplicationTestsContext.groovy] does not exist
13:02:29.940 [Test worker] INFO org.springframework.test.context.support.AbstractContextLoader - Could not detect default resource locations for test class [com.example.demo.DemoApplicationTests]: no resource found for suffixes {-context.xml, Context.groovy}.
13:02:29.941 [Test worker] INFO org.springframework.test.context.support.AnnotationConfigContextLoaderUtils - Could not detect default configuration classes for test class [com.example.demo.DemoApplicationTests]: DemoApplicationTests does not declare any static, non-private, non-final, nested classes annotated with @Configuration.
13:02:29.953 [Test worker] DEBUG org.springframework.test.context.support.ActiveProfilesUtils - Could not find an 'annotation declaring class' for annotation type [org.springframework.test.context.ActiveProfiles] and class [com.example.demo.DemoApplicationTests]
13:02:29.977 [Test worker] DEBUG org.springframework.context.annotation.ClassPathScanningCandidateComponentProvider - Identified candidate component class: file [/Users/ashe/Repo/HelloWorld/build/classes/java/main/com/example/demo/MdbSpringBootApplication.class]
13:02:29.978 [Test worker] INFO org.springframework.boot.test.context.SpringBootTestContextBootstrapper - Found @SpringBootConfiguration com.example.demo.MdbSpringBootApplication for test class com.example.demo.DemoApplicationTests
13:02:30.006 [Test worker] DEBUG org.springframework.boot.test.context.SpringBootTestContextBootstrapper - @TestExecutionListeners is not present for class [com.example.demo.DemoApplicationTests]: using defaults.
13:02:30.007 [Test worker] INFO org.springframework.boot.test.context.SpringBootTestContextBootstrapper - Loaded default TestExecutionListener class names from location [META-INF/spring.factories]: [org.springframework.boot.test.autoconfigure.restdocs.RestDocsTestExecutionListener, org.springframework.boot.test.autoconfigure.web.client.MockRestServiceServerResetTestExecutionListener, org.springframework.boot.test.autoconfigure.web.servlet.MockMvcPrintOnlyOnFailureTestExecutionListener, org.springframework.boot.test.autoconfigure.web.servlet.WebDriverTestExecutionListener, org.springframework.boot.test.autoconfigure.webservices.client.MockWebServiceServerTestExecutionListener, org.springframework.boot.test.mock.mockito.MockitoTestExecutionListener, org.springframework.boot.test.mock.mockito.ResetMocksTestExecutionListener, org.springframework.test.context.web.ServletTestExecutionListener, org.springframework.test.context.support.DirtiesContextBeforeModesTestExecutionListener, org.springframework.test.context.event.ApplicationEventsTestExecutionListener, org.springframework.test.context.support.DependencyInjectionTestExecutionListener, org.springframework.test.context.support.DirtiesContextTestExecutionListener, org.springframework.test.context.transaction.TransactionalTestExecutionListener, org.springframework.test.context.jdbc.SqlScriptsTestExecutionListener, org.springframework.test.context.event.EventPublishingTestExecutionListener]
13:02:30.011 [Test worker] INFO org.springframework.boot.test.context.SpringBootTestContextBootstrapper - Using TestExecutionListeners: [org.springframework.test.context.web.ServletTestExecutionListener@2fea7088, org.springframework.test.context.support.DirtiesContextBeforeModesTestExecutionListener@40499e4f, org.springframework.test.context.event.ApplicationEventsTestExecutionListener@51cd7ffc, org.springframework.boot.test.mock.mockito.MockitoTestExecutionListener@30d4b288, org.springframework.boot.test.autoconfigure.SpringBootDependencyInjectionTestExecutionListener@4cc6fa2a, org.springframework.test.context.support.DirtiesContextTestExecutionListener@40f1be1b, org.springframework.test.context.transaction.TransactionalTestExecutionListener@7a791b66, org.springframework.test.context.jdbc.SqlScriptsTestExecutionListener@6f2cb653, org.springframework.test.context.event.EventPublishingTestExecutionListener@14c01636, org.springframework.boot.test.autoconfigure.restdocs.RestDocsTestExecutionListener@590c73d3, org.springframework.boot.test.autoconfigure.web.client.MockRestServiceServerResetTestExecutionListener@6b9ce1bf, org.springframework.boot.test.autoconfigure.web.servlet.MockMvcPrintOnlyOnFailureTestExecutionListener@61884cb1, org.springframework.boot.test.autoconfigure.web.servlet.WebDriverTestExecutionListener@75ed9710, org.springframework.boot.test.autoconfigure.webservices.client.MockWebServiceServerTestExecutionListener@4fc5e095, org.springframework.boot.test.mock.mockito.ResetMocksTestExecutionListener@435871cb]
13:02:30.013 [Test worker] DEBUG org.springframework.test.context.support.AbstractDirtiesContextTestExecutionListener - Before test class: context [DefaultTestContext@6c6c5427 testClass = DemoApplicationTests, testInstance = [null], testMethod = [null], testException = [null], mergedContextConfiguration = [WebMergedContextConfiguration@618c5d94 testClass = DemoApplicationTests, locations = '{}', classes = '{class com.example.demo.MdbSpringBootApplication}', contextInitializerClasses = '[]', activeProfiles = '{}', propertySourceLocations = '{}', propertySourceProperties = '{org.springframework.boot.test.context.SpringBootTestContextBootstrapper=true}', contextCustomizers = set[org.springframework.boot.test.autoconfigure.actuate.metrics.MetricsExportContextCustomizerFactory$DisableMetricExportContextCustomizer@25f4878b, org.springframework.boot.test.autoconfigure.properties.PropertyMappingContextCustomizer@0, org.springframework.boot.test.autoconfigure.web.servlet.WebDriverContextCustomizerFactory$Customizer@43b9fd5, org.springframework.boot.test.context.filter.ExcludeFilterContextCustomizer@74a6f9c1, org.springframework.boot.test.json.DuplicateJsonObjectContextCustomizerFactory$DuplicateJsonObjectContextCustomizer@63611043, org.springframework.boot.test.mock.mockito.MockitoContextCustomizer@0, org.springframework.boot.test.web.client.TestRestTemplateContextCustomizer@1e8b7643, org.springframework.boot.test.context.SpringBootTestArgs@1, org.springframework.boot.test.context.SpringBootTestWebEnvironment@70325e14], resourceBasePath = 'src/main/webapp', contextLoader = 'org.springframework.boot.test.context.SpringBootContextLoader', parent = [null]], attributes = map['org.springframework.test.context.web.ServletTestExecutionListener.activateListener' -> true]], class annotated with @DirtiesContext [false] with mode [null].
13:02:30.026 [Test worker] DEBUG org.springframework.boot.ApplicationServletEnvironment - Activating profiles []
13:02:30.027 [Test worker] DEBUG org.springframework.test.context.support.TestPropertySourceUtils - Adding inlined properties to environment: {spring.jmx.enabled=false, org.springframework.boot.test.context.SpringBootTestContextBootstrapper=true}

  .   ____          _            __ _ _
 /\\ / ___'_ __ _ _(_)_ __  __ _ \ \ \ \
( ( )\___ | '_ | '_| | '_ \/ _` | \ \ \ \
 \\/  ___)| |_)| | | | | || (_| |  ) ) ) )
  '  |____| .__|_| |_|_| |_\__, | / / / /
 =========|_|==============|___/=/_/_/_/
 :: Spring Boot ::                (v2.6.2)

2022-02-12 13:02:30.116  INFO 94366 --- [    Test worker] com.example.demo.DemoApplicationTests    : Starting DemoApplicationTests using Java 17.0.2 on Brigittes-Air.lan with PID 94366 (started by ashe in /Users/ashe/Repo/HelloWorld)
2022-02-12 13:02:30.116  INFO 94366 --- [    Test worker] com.example.demo.DemoApplicationTests    : No active profile set, falling back to default profiles: default
2022-02-12 13:02:30.251  INFO 94366 --- [    Test worker] .s.d.r.c.RepositoryConfigurationDelegate : Bootstrapping Spring Data MongoDB repositories in DEFAULT mode.
2022-02-12 13:02:30.266  INFO 94366 --- [    Test worker] .s.d.r.c.RepositoryConfigurationDelegate : Finished Spring Data repository scanning in 12 ms. Found 1 MongoDB repository interfaces.
2022-02-12 13:02:31.078  INFO 94366 --- [    Test worker] org.mongodb.driver.cluster               : Cluster created with settings {hosts=[127.0.0.1:27017], srvHost=devcluster.v3eq7.mongodb.net, mode=MULTIPLE, requiredClusterType=REPLICA_SET, serverSelectionTimeout='30000 ms', requiredReplicaSetName='atlas-dqxxnv-shard-0'}
2022-02-12 13:02:31.093  INFO 94366 --- [eq7.mongodb.net] org.mongodb.driver.cluster               : Adding discovered server devcluster-shard-00-02.v3eq7.mongodb.net:27017 to client view of cluster
2022-02-12 13:02:31.114  INFO 94366 --- [eq7.mongodb.net] org.mongodb.driver.cluster               : Adding discovered server devcluster-shard-00-01.v3eq7.mongodb.net:27017 to client view of cluster
2022-02-12 13:02:31.115  INFO 94366 --- [eq7.mongodb.net] org.mongodb.driver.cluster               : Adding discovered server devcluster-shard-00-00.v3eq7.mongodb.net:27017 to client view of cluster
2022-02-12 13:02:31.458  INFO 94366 --- [    Test worker] com.example.demo.DemoApplicationTests    : Started DemoApplicationTests in 1.43 seconds (JVM running for 1.817)
Creating crop data...
2022-02-12 13:02:31.477  INFO 94366 --- [    Test worker] org.mongodb.driver.cluster               : No server chosen by com.mongodb.client.internal.MongoClientDelegate$1@237b2852 from cluster description ClusterDescription{type=REPLICA_SET, connectionMode=MULTIPLE, serverDescriptions=[ServerDescription{address=devcluster-shard-00-02.v3eq7.mongodb.net:27017, type=UNKNOWN, state=CONNECTING}, ServerDescription{address=devcluster-shard-00-01.v3eq7.mongodb.net:27017, type=UNKNOWN, state=CONNECTING}, ServerDescription{address=devcluster-shard-00-00.v3eq7.mongodb.net:27017, type=UNKNOWN, state=CONNECTING}]}. Waiting for 30000 ms before timing out
2022-02-12 13:02:32.288  INFO 94366 --- [ngodb.net:27017] org.mongodb.driver.connection            : Opened connection [connectionId{localValue:1, serverValue:210707}] to devcluster-shard-00-02.v3eq7.mongodb.net:27017
2022-02-12 13:02:32.288  INFO 94366 --- [ngodb.net:27017] org.mongodb.driver.connection            : Opened connection [connectionId{localValue:5, serverValue:296621}] to devcluster-shard-00-01.v3eq7.mongodb.net:27017
2022-02-12 13:02:32.288  INFO 94366 --- [ngodb.net:27017] org.mongodb.driver.connection            : Opened connection [connectionId{localValue:6, serverValue:297436}] to devcluster-shard-00-00.v3eq7.mongodb.net:27017
2022-02-12 13:02:32.288  INFO 94366 --- [ngodb.net:27017] org.mongodb.driver.connection            : Opened connection [connectionId{localValue:2, serverValue:297436}] to devcluster-shard-00-00.v3eq7.mongodb.net:27017
2022-02-12 13:02:32.288  INFO 94366 --- [ngodb.net:27017] org.mongodb.driver.connection            : Opened connection [connectionId{localValue:4, serverValue:210707}] to devcluster-shard-00-02.v3eq7.mongodb.net:27017
2022-02-12 13:02:32.288  INFO 94366 --- [ngodb.net:27017] org.mongodb.driver.connection            : Opened connection [connectionId{localValue:3, serverValue:296621}] to devcluster-shard-00-01.v3eq7.mongodb.net:27017
2022-02-12 13:02:32.292  INFO 94366 --- [ngodb.net:27017] org.mongodb.driver.cluster               : Monitor thread successfully connected to server with description ServerDescription{address=devcluster-shard-00-00.v3eq7.mongodb.net:27017, type=REPLICA_SET_SECONDARY, state=CONNECTED, ok=true, minWireVersion=0, maxWireVersion=9, maxDocumentSize=16777216, logicalSessionTimeoutMinutes=30, roundTripTimeNanos=230796875, setName='atlas-dqxxnv-shard-0', canonicalAddress=devcluster-shard-00-00.v3eq7.mongodb.net:27017, hosts=[devcluster-shard-00-00.v3eq7.mongodb.net:27017, devcluster-shard-00-01.v3eq7.mongodb.net:27017, devcluster-shard-00-02.v3eq7.mongodb.net:27017], passives=[], arbiters=[], primary='devcluster-shard-00-01.v3eq7.mongodb.net:27017', tagSet=TagSet{[Tag{name='nodeType', value='ELECTABLE'}, Tag{name='provider', value='AWS'}, Tag{name='region', value='US_EAST_1'}, Tag{name='workloadType', value='OPERATIONAL'}]}, electionId=null, setVersion=7, topologyVersion=TopologyVersion{processId=61f7a7e191c0520b7f74b846, counter=5}, lastWriteDate=Sat Feb 12 13:02:32 CST 2022, lastUpdateTimeNanos=3697966089174708}
2022-02-12 13:02:32.292  INFO 94366 --- [ngodb.net:27017] org.mongodb.driver.cluster               : Monitor thread successfully connected to server with description ServerDescription{address=devcluster-shard-00-01.v3eq7.mongodb.net:27017, type=REPLICA_SET_PRIMARY, state=CONNECTED, ok=true, minWireVersion=0, maxWireVersion=9, maxDocumentSize=16777216, logicalSessionTimeoutMinutes=30, roundTripTimeNanos=230830917, setName='atlas-dqxxnv-shard-0', canonicalAddress=devcluster-shard-00-01.v3eq7.mongodb.net:27017, hosts=[devcluster-shard-00-00.v3eq7.mongodb.net:27017, devcluster-shard-00-01.v3eq7.mongodb.net:27017, devcluster-shard-00-02.v3eq7.mongodb.net:27017], passives=[], arbiters=[], primary='devcluster-shard-00-01.v3eq7.mongodb.net:27017', tagSet=TagSet{[Tag{name='nodeType', value='ELECTABLE'}, Tag{name='provider', value='AWS'}, Tag{name='region', value='US_EAST_1'}, Tag{name='workloadType', value='OPERATIONAL'}]}, electionId=7fffffff000000000000005d, setVersion=7, topologyVersion=TopologyVersion{processId=61f7a98b25930b0fa88bdc31, counter=6}, lastWriteDate=Sat Feb 12 13:02:32 CST 2022, lastUpdateTimeNanos=3697966089195250}
2022-02-12 13:02:32.292  INFO 94366 --- [ngodb.net:27017] org.mongodb.driver.cluster               : Monitor thread successfully connected to server with description ServerDescription{address=devcluster-shard-00-02.v3eq7.mongodb.net:27017, type=REPLICA_SET_SECONDARY, state=CONNECTED, ok=true, minWireVersion=0, maxWireVersion=9, maxDocumentSize=16777216, logicalSessionTimeoutMinutes=30, roundTripTimeNanos=230789291, setName='atlas-dqxxnv-shard-0', canonicalAddress=devcluster-shard-00-02.v3eq7.mongodb.net:27017, hosts=[devcluster-shard-00-00.v3eq7.mongodb.net:27017, devcluster-shard-00-01.v3eq7.mongodb.net:27017, devcluster-shard-00-02.v3eq7.mongodb.net:27017], passives=[], arbiters=[], primary='devcluster-shard-00-01.v3eq7.mongodb.net:27017', tagSet=TagSet{[Tag{name='nodeType', value='ELECTABLE'}, Tag{name='provider', value='AWS'}, Tag{name='region', value='US_EAST_1'}, Tag{name='workloadType', value='OPERATIONAL'}]}, electionId=null, setVersion=7, topologyVersion=TopologyVersion{processId=61fc3834bc590c9603c1e5ec, counter=3}, lastWriteDate=Sat Feb 12 13:02:32 CST 2022, lastUpdateTimeNanos=3697966089153708}
2022-02-12 13:02:32.294  INFO 94366 --- [ngodb.net:27017] org.mongodb.driver.cluster               : Setting max election id to 7fffffff000000000000005d from replica set primary devcluster-shard-00-01.v3eq7.mongodb.net:27017
2022-02-12 13:02:32.294  INFO 94366 --- [ngodb.net:27017] org.mongodb.driver.cluster               : Setting max set version to 7 from replica set primary devcluster-shard-00-01.v3eq7.mongodb.net:27017
2022-02-12 13:02:32.294  INFO 94366 --- [ngodb.net:27017] org.mongodb.driver.cluster               : Discovered replica set primary devcluster-shard-00-01.v3eq7.mongodb.net:27017
2022-02-12 13:02:34.275  INFO 94366 --- [    Test worker] org.mongodb.driver.connection            : Opened connection [connectionId{localValue:7, serverValue:296679}] to devcluster-shard-00-01.v3eq7.mongodb.net:27017
...Crop seeding complete.
]]></system-out>
  <system-err><![CDATA[]]></system-err>
</testsuite>
